<?xml version="1.0" encoding="UTF-8"?>
<testsuite xmlns:xsi="http://www.w3.org/2001/XMLSchema-instance" xsi:noNamespaceSchemaLocation="https://maven.apache.org/surefire/maven-surefire-plugin/xsd/surefire-test-report-3.0.xsd" version="3.0" name="com.example.CalculadoraTeste" time="0.081" tests="6" errors="0" skipped="0" failures="0">
  <properties>
[...]
</properties>
  <testcase name="testSubtrair" classname="com.example.CalculadoraTeste" time="0.049"/>
  <testcase name="testSomar" classname="com.example.CalculadoraTeste" time="0"/>
  <testcase name="testPotenciar" classname="com.example.CalculadoraTeste" time="0"/>
  <testcase name="testMultiplicar" classname="com.example.CalculadoraTeste" time="0"/>
  <testcase name="testDividirPorZero" classname="com.example.CalculadoraTeste" time="0"/>
  <testcase name="testDividir" classname="com.example.CalculadoraTeste" time="0.011"/>
</testsuite>